<?xml version="1.0" encoding="UTF-8"?>
<!-- Generated by org.testng.reporters.JUnitReportReporter -->
<testsuite hostname="LAPTOP-J6DHMLEL" failures="0" tests="1" name="Scripts.Testcase1" time="8.127" errors="0" timestamp="2022-09-12T09:37:44 IST" skipped="0">
  <testcase classname="Scripts.Testcase1" name="tc1" time="8.127"/>
  <system-out/>
</testsuite> <!-- Scripts.Testcase1 -->
