<?xml version="1.0" encoding="UTF-8"?>
<!-- Generated by org.testng.reporters.JUnitReportReporter -->
<testsuite hostname="LAPTOP-J6DHMLEL" failures="0" tests="1" name="Scripts.Testcase3" time="18.857" errors="0" timestamp="2022-09-12T09:37:44 IST" skipped="0">
  <testcase classname="Scripts.Testcase3" name="tc3" time="18.857"/>
  <system-out/>
</testsuite> <!-- Scripts.Testcase3 -->
